This file contains any messages produced by compilers while
running configure, to aid debugging if configure makes a mistake.

It was created by libnfc configure 1.7.1, which was
generated by GNU Autoconf 2.68.  Invocation command line was

  $ ./configure --with-drivers=pn532_uart --sysconfdir=/etc --prefix=/usr

## --------- ##
## Platform. ##
## --------- ##

hostname = raspberrypi
uname -m = armv6l
uname -r = 3.12.28+
uname -s = Linux
uname -v = #709 PREEMPT Mon Sep 8 15:28:00 BST 2014

/usr/bin/uname -p = unknown
/bin/uname -X     = unknown

/bin/arch              = unknown
/usr/bin/arch -k       = unknown
/usr/convex/getsysinfo = unknown
/usr/bin/hostinfo      = unknown
/bin/machine           = unknown
/usr/bin/oslevel       = unknown
/bin/universe          = unknown

PATH: /usr/local/sbin
PATH: /usr/local/bin
PATH: /usr/sbin
PATH: /usr/bin
PATH: /sbin
PATH: /bin


## ----------- ##
## Core tests. ##
## ----------- ##

configure:2532: checking for a BSD-compatible install
configure:2600: result: /usr/bin/install -c
configure:2611: checking whether build environment is sane
configure:2661: result: yes
configure:2802: checking for a thread-safe mkdir -p
configure:2841: result: /bin/mkdir -p
configure:2854: checking for gawk
configure:2884: result: no
configure:2854: checking for mawk
configure:2870: found /usr/bin/mawk
configure:2881: result: mawk
configure:2892: checking whether make sets $(MAKE)
configure:2914: result: yes
configure:3006: checking for style of include used by make
configure:3034: result: GNU
configure:3105: checking for gcc
configure:3121: found /usr/bin/gcc
configure:3132: result: gcc
configure:3361: checking for C compiler version
configure:3370: gcc --version >&5
gcc (Debian 4.6.3-14+rpi1) 4.6.3
Copyright (C) 2011 Free Software Foundation, Inc.
This is free software; see the source for copying conditions.  There is NO
warranty; not even for MERCHANTABILITY or FITNESS FOR A PARTICULAR PURPOSE.

configure:3381: $? = 0
configure:3370: gcc -v >&5
Using built-in specs.
COLLECT_GCC=gcc
COLLECT_LTO_WRAPPER=/usr/lib/gcc/arm-linux-gnueabihf/4.6/lto-wrapper
Target: arm-linux-gnueabihf
Configured with: ../src/configure -v --with-pkgversion='Debian 4.6.3-14+rpi1' --with-bugurl=file:///usr/share/doc/gcc-4.6/README.Bugs --enable-languages=c,c++,fortran,objc,obj-c++ --prefix=/usr --program-suffix=-4.6 --enable-shared --enable-linker-build-id --with-system-zlib --libexecdir=/usr/lib --without-included-gettext --enable-threads=posix --with-gxx-include-dir=/usr/include/c++/4.6 --libdir=/usr/lib --enable-nls --with-sysroot=/ --enable-clocale=gnu --enable-libstdcxx-debug --enable-libstdcxx-time=yes --enable-gnu-unique-object --enable-plugin --enable-objc-gc --disable-sjlj-exceptions --with-arch=armv6 --with-fpu=vfp --with-float=hard --enable-checking=release --build=arm-linux-gnueabihf --host=arm-linux-gnueabihf --target=arm-linux-gnueabihf
Thread model: posix
gcc version 4.6.3 (Debian 4.6.3-14+rpi1) 
configure:3381: $? = 0
configure:3370: gcc -V >&5
gcc: error: unrecognized option '-V'
gcc: fatal error: no input files
compilation terminated.
configure:3381: $? = 4
configure:3370: gcc -qversion >&5
gcc: error: unrecognized option '-qversion'
gcc: fatal error: no input files
compilation terminated.
configure:3381: $? = 4
configure:3401: checking whether the C compiler works
configure:3423: gcc    conftest.c  >&5
configure:3427: $? = 0
configure:3475: result: yes
configure:3478: checking for C compiler default output file name
configure:3480: result: a.out
configure:3486: checking for suffix of executables
configure:3493: gcc -o conftest    conftest.c  >&5
configure:3497: $? = 0
configure:3519: result: 
configure:3541: checking whether we are cross compiling
configure:3549: gcc -o conftest    conftest.c  >&5
configure:3553: $? = 0
configure:3560: ./conftest
configure:3564: $? = 0
configure:3579: result: no
configure:3584: checking for suffix of object files
configure:3606: gcc -c   conftest.c >&5
configure:3610: $? = 0
configure:3631: result: o
configure:3635: checking whether we are using the GNU C compiler
configure:3654: gcc -c   conftest.c >&5
configure:3654: $? = 0
configure:3663: result: yes
configure:3672: checking whether gcc accepts -g
configure:3692: gcc -c -g  conftest.c >&5
configure:3692: $? = 0
configure:3733: result: yes
configure:3750: checking for gcc option to accept ISO C89
configure:3814: gcc  -c -g -O2  conftest.c >&5
configure:3814: $? = 0
configure:3827: result: none needed
configure:3849: checking dependency style of gcc
configure:3960: result: gcc3
configure:4025: checking for ar
configure:4041: found /usr/bin/ar
configure:4052: result: ar
configure:4078: checking the archiver (ar) interface
configure:4088: gcc -c -g -O2  conftest.c >&5
configure:4088: $? = 0
configure:4090: ar cru libconftest.a conftest.o >&5
configure:4093: $? = 0
configure:4116: result: ar
configure:4148: checking whether make supports nested variables
configure:4165: result: yes
configure:4231: checking for gcc
configure:4258: result: gcc
configure:4487: checking for C compiler version
configure:4496: gcc --version >&5
gcc (Debian 4.6.3-14+rpi1) 4.6.3
Copyright (C) 2011 Free Software Foundation, Inc.
This is free software; see the source for copying conditions.  There is NO
warranty; not even for MERCHANTABILITY or FITNESS FOR A PARTICULAR PURPOSE.

configure:4507: $? = 0
configure:4496: gcc -v >&5
Using built-in specs.
COLLECT_GCC=gcc
COLLECT_LTO_WRAPPER=/usr/lib/gcc/arm-linux-gnueabihf/4.6/lto-wrapper
Target: arm-linux-gnueabihf
Configured with: ../src/configure -v --with-pkgversion='Debian 4.6.3-14+rpi1' --with-bugurl=file:///usr/share/doc/gcc-4.6/README.Bugs --enable-languages=c,c++,fortran,objc,obj-c++ --prefix=/usr --program-suffix=-4.6 --enable-shared --enable-linker-build-id --with-system-zlib --libexecdir=/usr/lib --without-included-gettext --enable-threads=posix --with-gxx-include-dir=/usr/include/c++/4.6 --libdir=/usr/lib --enable-nls --with-sysroot=/ --enable-clocale=gnu --enable-libstdcxx-debug --enable-libstdcxx-time=yes --enable-gnu-unique-object --enable-plugin --enable-objc-gc --disable-sjlj-exceptions --with-arch=armv6 --with-fpu=vfp --with-float=hard --enable-checking=release --build=arm-linux-gnueabihf --host=arm-linux-gnueabihf --target=arm-linux-gnueabihf
Thread model: posix
gcc version 4.6.3 (Debian 4.6.3-14+rpi1) 
configure:4507: $? = 0
configure:4496: gcc -V >&5
gcc: error: unrecognized option '-V'
gcc: fatal error: no input files
compilation terminated.
configure:4507: $? = 4
configure:4496: gcc -qversion >&5
gcc: error: unrecognized option '-qversion'
gcc: fatal error: no input files
compilation terminated.
configure:4507: $? = 4
configure:4511: checking whether we are using the GNU C compiler
configure:4539: result: yes
configure:4548: checking whether gcc accepts -g
configure:4609: result: yes
configure:4626: checking for gcc option to accept ISO C89
configure:4703: result: none needed
configure:4725: checking dependency style of gcc
configure:4836: result: gcc3
configure:4851: checking whether make sets $(MAKE)
configure:4873: result: yes
configure:4914: checking build system type
configure:4928: result: armv6l-unknown-linux-gnueabihf
configure:4948: checking host system type
configure:4961: result: armv6l-unknown-linux-gnueabihf
configure:5002: checking how to print strings
configure:5029: result: printf
configure:5050: checking for a sed that does not truncate output
configure:5114: result: /bin/sed
configure:5132: checking for grep that handles long lines and -e
configure:5190: result: /bin/grep
configure:5195: checking for egrep
configure:5257: result: /bin/grep -E
configure:5262: checking for fgrep
configure:5324: result: /bin/grep -F
configure:5359: checking for ld used by gcc
configure:5426: result: /usr/bin/ld
configure:5433: checking if the linker (/usr/bin/ld) is GNU ld
configure:5448: result: yes
configure:5460: checking for BSD- or MS-compatible name lister (nm)
configure:5509: result: /usr/bin/nm -B
configure:5639: checking the name lister (/usr/bin/nm -B) interface
configure:5646: gcc -c -g -O2  conftest.c >&5
configure:5649: /usr/bin/nm -B "conftest.o"
configure:5652: output
00000000 B some_variable
configure:5659: result: BSD nm
configure:5662: checking whether ln -s works
configure:5666: result: yes
configure:5674: checking the maximum length of command line arguments
configure:5804: result: 1572864
configure:5821: checking whether the shell understands some XSI constructs
configure:5831: result: yes
configure:5835: checking whether the shell understands "+="
configure:5841: result: yes
configure:5876: checking how to convert armv6l-unknown-linux-gnueabihf file names to armv6l-unknown-linux-gnueabihf format
configure:5916: result: func_convert_file_noop
configure:5923: checking how to convert armv6l-unknown-linux-gnueabihf file names to toolchain format
configure:5943: result: func_convert_file_noop
configure:5950: checking for /usr/bin/ld option to reload object files
configure:5957: result: -r
configure:6031: checking for objdump
configure:6047: found /usr/bin/objdump
configure:6058: result: objdump
configure:6090: checking how to recognize dependent libraries
configure:6292: result: pass_all
configure:6377: checking for dlltool
configure:6407: result: no
configure:6437: checking how to associate runtime and link libraries
configure:6464: result: printf %s\n
configure:6588: checking for archiver @FILE support
configure:6605: gcc -c -g -O2  conftest.c >&5
configure:6605: $? = 0
configure:6608: ar cru libconftest.a @conftest.lst >&5
configure:6611: $? = 0
configure:6616: ar cru libconftest.a @conftest.lst >&5
ar: conftest.o: No such file or directory
configure:6619: $? = 1
configure:6631: result: @
configure:6689: checking for strip
configure:6705: found /usr/bin/strip
configure:6716: result: strip
configure:6788: checking for ranlib
configure:6804: found /usr/bin/ranlib
configure:6815: result: ranlib
configure:6917: checking command to parse /usr/bin/nm -B output from gcc object
configure:7037: gcc -c -g -O2  conftest.c >&5
configure:7040: $? = 0
configure:7044: /usr/bin/nm -B conftest.o \| sed -n -e 's/^.*[ ]\([ABCDGIRSTW][ABCDGIRSTW]*\)[ ][ ]*\([_A-Za-z][_A-Za-z0-9]*\)$/\1 \2 \2/p' | sed '/ __gnu_lto/d' \> conftest.nm
configure:7047: $? = 0
configure:7113: gcc -o conftest -g -O2   conftest.c conftstm.o >&5
configure:7116: $? = 0
configure:7154: result: ok
configure:7191: checking for sysroot
configure:7221: result: no
configure:7477: checking for mt
configure:7493: found /bin/mt
configure:7504: result: mt
configure:7527: checking if mt is a manifest tool
configure:7533: mt '-?'
configure:7541: result: no
configure:8183: checking how to run the C preprocessor
configure:8214: gcc -E  conftest.c
configure:8214: $? = 0
configure:8228: gcc -E  conftest.c
conftest.c:11:28: fatal error: ac_nonexistent.h: No such file or directory
compilation terminated.
configure:8228: $? = 1
configure: failed program was:
| /* confdefs.h */
| #define PACKAGE_NAME "libnfc"
| #define PACKAGE_TARNAME "libnfc"
| #define PACKAGE_VERSION "1.7.1"
| #define PACKAGE_STRING "libnfc 1.7.1"
| #define PACKAGE_BUGREPORT "nfc-tools@googlegroups.com"
| #define PACKAGE_URL ""
| #define PACKAGE "libnfc"
| #define VERSION "1.7.1"
| /* end confdefs.h.  */
| #include <ac_nonexistent.h>
configure:8253: result: gcc -E
configure:8273: gcc -E  conftest.c
configure:8273: $? = 0
configure:8287: gcc -E  conftest.c
conftest.c:11:28: fatal error: ac_nonexistent.h: No such file or directory
compilation terminated.
configure:8287: $? = 1
configure: failed program was:
| /* confdefs.h */
| #define PACKAGE_NAME "libnfc"
| #define PACKAGE_TARNAME "libnfc"
| #define PACKAGE_VERSION "1.7.1"
| #define PACKAGE_STRING "libnfc 1.7.1"
| #define PACKAGE_BUGREPORT "nfc-tools@googlegroups.com"
| #define PACKAGE_URL ""
| #define PACKAGE "libnfc"
| #define VERSION "1.7.1"
| /* end confdefs.h.  */
| #include <ac_nonexistent.h>
configure:8316: checking for ANSI C header files
configure:8336: gcc -c -g -O2  conftest.c >&5
configure:8336: $? = 0
configure:8409: gcc -o conftest -g -O2   conftest.c  >&5
configure:8409: $? = 0
configure:8409: ./conftest
configure:8409: $? = 0
configure:8420: result: yes
configure:8433: checking for sys/types.h
configure:8433: gcc -c -g -O2  conftest.c >&5
configure:8433: $? = 0
configure:8433: result: yes
configure:8433: checking for sys/stat.h
configure:8433: gcc -c -g -O2  conftest.c >&5
configure:8433: $? = 0
configure:8433: result: yes
configure:8433: checking for stdlib.h
configure:8433: gcc -c -g -O2  conftest.c >&5
configure:8433: $? = 0
configure:8433: result: yes
configure:8433: checking for string.h
configure:8433: gcc -c -g -O2  conftest.c >&5
configure:8433: $? = 0
configure:8433: result: yes
configure:8433: checking for memory.h
configure:8433: gcc -c -g -O2  conftest.c >&5
configure:8433: $? = 0
configure:8433: result: yes
configure:8433: checking for strings.h
configure:8433: gcc -c -g -O2  conftest.c >&5
configure:8433: $? = 0
configure:8433: result: yes
configure:8433: checking for inttypes.h
configure:8433: gcc -c -g -O2  conftest.c >&5
configure:8433: $? = 0
configure:8433: result: yes
configure:8433: checking for stdint.h
configure:8433: gcc -c -g -O2  conftest.c >&5
configure:8433: $? = 0
configure:8433: result: yes
configure:8433: checking for unistd.h
configure:8433: gcc -c -g -O2  conftest.c >&5
configure:8433: $? = 0
configure:8433: result: yes
configure:8447: checking for dlfcn.h
configure:8447: gcc -c -g -O2  conftest.c >&5
configure:8447: $? = 0
configure:8447: result: yes
configure:8653: checking for objdir
configure:8668: result: .libs
configure:8939: checking if gcc supports -fno-rtti -fno-exceptions
configure:8957: gcc -c -g -O2  -fno-rtti -fno-exceptions conftest.c >&5
cc1: warning: command line option '-fno-rtti' is valid for C++/ObjC++ but not for C [enabled by default]
configure:8961: $? = 0
configure:8974: result: no
configure:9301: checking for gcc option to produce PIC
configure:9308: result: -fPIC -DPIC
configure:9316: checking if gcc PIC flag -fPIC -DPIC works
configure:9334: gcc -c -g -O2  -fPIC -DPIC -DPIC conftest.c >&5
configure:9338: $? = 0
configure:9351: result: yes
configure:9380: checking if gcc static flag -static works
configure:9408: result: yes
configure:9423: checking if gcc supports -c -o file.o
configure:9444: gcc -c -g -O2  -o out/conftest2.o conftest.c >&5
configure:9448: $? = 0
configure:9470: result: yes
configure:9478: checking if gcc supports -c -o file.o
configure:9525: result: yes
configure:9558: checking whether the gcc linker (/usr/bin/ld) supports shared libraries
configure:10715: result: yes
configure:10752: checking whether -lc should be explicitly linked in
configure:10760: gcc -c -g -O2  conftest.c >&5
configure:10763: $? = 0
configure:10778: gcc -shared  -fPIC -DPIC conftest.o  -v -Wl,-soname -Wl,conftest -o conftest 2\>\&1 \| /bin/grep  -lc  \>/dev/null 2\>\&1
configure:10781: $? = 0
configure:10795: result: no
configure:10955: checking dynamic linker characteristics
configure:11466: gcc -o conftest -g -O2   -Wl,-rpath -Wl,/foo conftest.c  >&5
configure:11466: $? = 0
configure:11700: result: GNU/Linux ld.so
configure:11807: checking how to hardcode library paths into programs
configure:11832: result: immediate
configure:12372: checking whether stripping libraries is possible
configure:12377: result: yes
configure:12412: checking if libtool supports shared libraries
configure:12414: result: yes
configure:12417: checking whether to build shared libraries
configure:12438: result: yes
configure:12441: checking whether to build static libraries
configure:12445: result: yes
configure:12559: checking for pkg-config
configure:12577: found /usr/bin/pkg-config
configure:12589: result: /usr/bin/pkg-config
configure:12614: checking pkg-config is at least version 0.9.0
configure:12617: result: yes
configure:12627: checking for ANSI C header files
configure:12731: result: yes
configure:12739: checking for stdbool.h that conforms to C99
configure:12806: gcc -c -g -O2  conftest.c >&5
configure:12806: $? = 0
configure:12813: result: yes
configure:12815: checking for _Bool
configure:12815: gcc -c -g -O2  conftest.c >&5
configure:12815: $? = 0
configure:12815: gcc -c -g -O2  conftest.c >&5
conftest.c: In function 'main':
conftest.c:60:20: error: expected expression before ')' token
configure:12815: $? = 1
configure: failed program was:
| /* confdefs.h */
| #define PACKAGE_NAME "libnfc"
| #define PACKAGE_TARNAME "libnfc"
| #define PACKAGE_VERSION "1.7.1"
| #define PACKAGE_STRING "libnfc 1.7.1"
| #define PACKAGE_BUGREPORT "nfc-tools@googlegroups.com"
| #define PACKAGE_URL ""
| #define PACKAGE "libnfc"
| #define VERSION "1.7.1"
| #define STDC_HEADERS 1
| #define HAVE_SYS_TYPES_H 1
| #define HAVE_SYS_STAT_H 1
| #define HAVE_STDLIB_H 1
| #define HAVE_STRING_H 1
| #define HAVE_MEMORY_H 1
| #define HAVE_STRINGS_H 1
| #define HAVE_INTTYPES_H 1
| #define HAVE_STDINT_H 1
| #define HAVE_UNISTD_H 1
| #define HAVE_DLFCN_H 1
| #define LT_OBJDIR ".libs/"
| #define STDC_HEADERS 1
| /* end confdefs.h.  */
| #include <stdio.h>
| #ifdef HAVE_SYS_TYPES_H
| # include <sys/types.h>
| #endif
| #ifdef HAVE_SYS_STAT_H
| # include <sys/stat.h>
| #endif
| #ifdef STDC_HEADERS
| # include <stdlib.h>
| # include <stddef.h>
| #else
| # ifdef HAVE_STDLIB_H
| #  include <stdlib.h>
| # endif
| #endif
| #ifdef HAVE_STRING_H
| # if !defined STDC_HEADERS && defined HAVE_MEMORY_H
| #  include <memory.h>
| # endif
| # include <string.h>
| #endif
| #ifdef HAVE_STRINGS_H
| # include <strings.h>
| #endif
| #ifdef HAVE_INTTYPES_H
| # include <inttypes.h>
| #endif
| #ifdef HAVE_STDINT_H
| # include <stdint.h>
| #endif
| #ifdef HAVE_UNISTD_H
| # include <unistd.h>
| #endif
| int
| main ()
| {
| if (sizeof ((_Bool)))
| 	    return 0;
|   ;
|   return 0;
| }
configure:12815: result: yes
configure:12834: checking fcntl.h usability
configure:12834: gcc -c -g -O2  conftest.c >&5
configure:12834: $? = 0
configure:12834: result: yes
configure:12834: checking fcntl.h presence
configure:12834: gcc -E  conftest.c
configure:12834: $? = 0
configure:12834: result: yes
configure:12834: checking for fcntl.h
configure:12834: result: yes
configure:12834: checking limits.h usability
configure:12834: gcc -c -g -O2  conftest.c >&5
configure:12834: $? = 0
configure:12834: result: yes
configure:12834: checking limits.h presence
configure:12834: gcc -E  conftest.c
configure:12834: $? = 0
configure:12834: result: yes
configure:12834: checking for limits.h
configure:12834: result: yes
configure:12834: checking stdio.h usability
configure:12834: gcc -c -g -O2  conftest.c >&5
configure:12834: $? = 0
configure:12834: result: yes
configure:12834: checking stdio.h presence
configure:12834: gcc -E  conftest.c
configure:12834: $? = 0
configure:12834: result: yes
configure:12834: checking for stdio.h
configure:12834: result: yes
configure:12834: checking for stdlib.h
configure:12834: result: yes
configure:12834: checking for stdint.h
configure:12834: result: yes
configure:12834: checking stddef.h usability
configure:12834: gcc -c -g -O2  conftest.c >&5
configure:12834: $? = 0
configure:12834: result: yes
configure:12834: checking stddef.h presence
configure:12834: gcc -E  conftest.c
configure:12834: $? = 0
configure:12834: result: yes
configure:12834: checking for stddef.h
configure:12834: result: yes
configure:12834: checking for stdbool.h
configure:12834: result: yes
configure:12834: checking sys/ioctl.h usability
configure:12834: gcc -c -g -O2  conftest.c >&5
configure:12834: $? = 0
configure:12834: result: yes
configure:12834: checking sys/ioctl.h presence
configure:12834: gcc -E  conftest.c
configure:12834: $? = 0
configure:12834: result: yes
configure:12834: checking for sys/ioctl.h
configure:12834: result: yes
configure:12834: checking sys/param.h usability
configure:12834: gcc -c -g -O2  conftest.c >&5
configure:12834: $? = 0
configure:12834: result: yes
configure:12834: checking sys/param.h presence
configure:12834: gcc -E  conftest.c
configure:12834: $? = 0
configure:12834: result: yes
configure:12834: checking for sys/param.h
configure:12834: result: yes
configure:12834: checking sys/time.h usability
configure:12834: gcc -c -g -O2  conftest.c >&5
configure:12834: $? = 0
configure:12834: result: yes
configure:12834: checking sys/time.h presence
configure:12834: gcc -E  conftest.c
configure:12834: $? = 0
configure:12834: result: yes
configure:12834: checking for sys/time.h
configure:12834: result: yes
configure:12834: checking termios.h usability
configure:12834: gcc -c -g -O2  conftest.c >&5
configure:12834: $? = 0
configure:12834: result: yes
configure:12834: checking termios.h presence
configure:12834: gcc -E  conftest.c
configure:12834: $? = 0
configure:12834: result: yes
configure:12834: checking for termios.h
configure:12834: result: yes
configure:12846: checking linux/spi/spidev.h usability
configure:12846: gcc -c -g -O2  conftest.c >&5
configure:12846: $? = 0
configure:12846: result: yes
configure:12846: checking linux/spi/spidev.h presence
configure:12846: gcc -E  conftest.c
configure:12846: $? = 0
configure:12846: result: yes
configure:12846: checking for linux/spi/spidev.h
configure:12846: result: yes
configure:12858: checking linux/i2c-dev.h usability
configure:12858: gcc -c -g -O2  conftest.c >&5
configure:12858: $? = 0
configure:12858: result: yes
configure:12858: checking linux/i2c-dev.h presence
configure:12858: gcc -E  conftest.c
configure:12858: $? = 0
configure:12858: result: yes
configure:12858: checking for linux/i2c-dev.h
configure:12858: result: yes
configure:12871: checking for memmove
configure:12871: gcc -o conftest -g -O2   conftest.c  >&5
conftest.c:62:6: warning: conflicting types for built-in function 'memmove' [enabled by default]
configure:12871: $? = 0
configure:12871: result: yes
configure:12871: checking for memset
configure:12871: gcc -o conftest -g -O2   conftest.c  >&5
conftest.c:64:6: warning: conflicting types for built-in function 'memset' [enabled by default]
configure:12871: $? = 0
configure:12871: result: yes
configure:12871: checking for select
configure:12871: gcc -o conftest -g -O2   conftest.c  >&5
configure:12871: $? = 0
configure:12871: result: yes
configure:12871: checking for strdup
configure:12871: gcc -o conftest -g -O2   conftest.c  >&5
conftest.c:68:6: warning: conflicting types for built-in function 'strdup' [enabled by default]
configure:12871: $? = 0
configure:12871: result: yes
configure:12871: checking for strerror
configure:12871: gcc -o conftest -g -O2   conftest.c  >&5
configure:12871: $? = 0
configure:12871: result: yes
configure:12871: checking for strstr
configure:12871: gcc -o conftest -g -O2   conftest.c  >&5
conftest.c:72:6: warning: conflicting types for built-in function 'strstr' [enabled by default]
configure:12871: $? = 0
configure:12871: result: yes
configure:12871: checking for strtol
configure:12871: gcc -o conftest -g -O2   conftest.c  >&5
configure:12871: $? = 0
configure:12871: result: yes
configure:12871: checking for usleep
configure:12871: gcc -o conftest -g -O2   conftest.c  >&5
configure:12871: $? = 0
configure:12871: result: yes
configure:12894: checking for size_t
configure:12894: gcc -c -g -O2  conftest.c >&5
configure:12894: $? = 0
configure:12894: gcc -c -g -O2  conftest.c >&5
conftest.c: In function 'main':
conftest.c:93:21: error: expected expression before ')' token
configure:12894: $? = 1
configure: failed program was:
| /* confdefs.h */
| #define PACKAGE_NAME "libnfc"
| #define PACKAGE_TARNAME "libnfc"
| #define PACKAGE_VERSION "1.7.1"
| #define PACKAGE_STRING "libnfc 1.7.1"
| #define PACKAGE_BUGREPORT "nfc-tools@googlegroups.com"
| #define PACKAGE_URL ""
| #define PACKAGE "libnfc"
| #define VERSION "1.7.1"
| #define STDC_HEADERS 1
| #define HAVE_SYS_TYPES_H 1
| #define HAVE_SYS_STAT_H 1
| #define HAVE_STDLIB_H 1
| #define HAVE_STRING_H 1
| #define HAVE_MEMORY_H 1
| #define HAVE_STRINGS_H 1
| #define HAVE_INTTYPES_H 1
| #define HAVE_STDINT_H 1
| #define HAVE_UNISTD_H 1
| #define HAVE_DLFCN_H 1
| #define LT_OBJDIR ".libs/"
| #define STDC_HEADERS 1
| #define HAVE__BOOL 1
| #define HAVE_STDBOOL_H 1
| #define HAVE_FCNTL_H 1
| #define HAVE_LIMITS_H 1
| #define HAVE_STDIO_H 1
| #define HAVE_STDLIB_H 1
| #define HAVE_STDINT_H 1
| #define HAVE_STDDEF_H 1
| #define HAVE_STDBOOL_H 1
| #define HAVE_SYS_IOCTL_H 1
| #define HAVE_SYS_PARAM_H 1
| #define HAVE_SYS_TIME_H 1
| #define HAVE_TERMIOS_H 1
| #define HAVE_LINUX_SPI_SPIDEV_H 1
| #define HAVE_LINUX_I2C_DEV_H 1
| #define HAVE_MEMMOVE 1
| #define _XOPEN_SOURCE 600
| #define HAVE_MEMSET 1
| #define _XOPEN_SOURCE 600
| #define HAVE_SELECT 1
| #define _XOPEN_SOURCE 600
| #define HAVE_STRDUP 1
| #define _XOPEN_SOURCE 600
| #define HAVE_STRERROR 1
| #define _XOPEN_SOURCE 600
| #define HAVE_STRSTR 1
| #define _XOPEN_SOURCE 600
| #define HAVE_STRTOL 1
| #define _XOPEN_SOURCE 600
| #define HAVE_USLEEP 1
| #define _XOPEN_SOURCE 600
| #define _NETBSD_SOURCE 1
| #define _DARWIN_C_SOURCE 1
| /* end confdefs.h.  */
| #include <stdio.h>
| #ifdef HAVE_SYS_TYPES_H
| # include <sys/types.h>
| #endif
| #ifdef HAVE_SYS_STAT_H
| # include <sys/stat.h>
| #endif
| #ifdef STDC_HEADERS
| # include <stdlib.h>
| # include <stddef.h>
| #else
| # ifdef HAVE_STDLIB_H
| #  include <stdlib.h>
| # endif
| #endif
| #ifdef HAVE_STRING_H
| # if !defined STDC_HEADERS && defined HAVE_MEMORY_H
| #  include <memory.h>
| # endif
| # include <string.h>
| #endif
| #ifdef HAVE_STRINGS_H
| # include <strings.h>
| #endif
| #ifdef HAVE_INTTYPES_H
| # include <inttypes.h>
| #endif
| #ifdef HAVE_STDINT_H
| # include <stdint.h>
| #endif
| #ifdef HAVE_UNISTD_H
| # include <unistd.h>
| #endif
| int
| main ()
| {
| if (sizeof ((size_t)))
| 	    return 0;
|   ;
|   return 0;
| }
configure:12894: result: yes
configure:12905: checking for uint8_t
configure:12905: gcc -c -g -O2  conftest.c >&5
configure:12905: $? = 0
configure:12905: result: yes
configure:12919: checking for uint16_t
configure:12919: gcc -c -g -O2  conftest.c >&5
configure:12919: $? = 0
configure:12919: result: yes
configure:12931: checking for uint32_t
configure:12931: gcc -c -g -O2  conftest.c >&5
configure:12931: $? = 0
configure:12931: result: yes
configure:12945: checking for uint64_t
configure:12945: gcc -c -g -O2  conftest.c >&5
configure:12945: $? = 0
configure:12945: result: yes
configure:12959: checking for int16_t
configure:12959: gcc -c -g -O2  conftest.c >&5
configure:12959: $? = 0
configure:12959: gcc -c -g -O2  conftest.c >&5
conftest.c: In function 'main':
conftest.c:94:12: error: size of array 'test_array' is negative
configure:12959: $? = 1
configure: failed program was:
| /* confdefs.h */
| #define PACKAGE_NAME "libnfc"
| #define PACKAGE_TARNAME "libnfc"
| #define PACKAGE_VERSION "1.7.1"
| #define PACKAGE_STRING "libnfc 1.7.1"
| #define PACKAGE_BUGREPORT "nfc-tools@googlegroups.com"
| #define PACKAGE_URL ""
| #define PACKAGE "libnfc"
| #define VERSION "1.7.1"
| #define STDC_HEADERS 1
| #define HAVE_SYS_TYPES_H 1
| #define HAVE_SYS_STAT_H 1
| #define HAVE_STDLIB_H 1
| #define HAVE_STRING_H 1
| #define HAVE_MEMORY_H 1
| #define HAVE_STRINGS_H 1
| #define HAVE_INTTYPES_H 1
| #define HAVE_STDINT_H 1
| #define HAVE_UNISTD_H 1
| #define HAVE_DLFCN_H 1
| #define LT_OBJDIR ".libs/"
| #define STDC_HEADERS 1
| #define HAVE__BOOL 1
| #define HAVE_STDBOOL_H 1
| #define HAVE_FCNTL_H 1
| #define HAVE_LIMITS_H 1
| #define HAVE_STDIO_H 1
| #define HAVE_STDLIB_H 1
| #define HAVE_STDINT_H 1
| #define HAVE_STDDEF_H 1
| #define HAVE_STDBOOL_H 1
| #define HAVE_SYS_IOCTL_H 1
| #define HAVE_SYS_PARAM_H 1
| #define HAVE_SYS_TIME_H 1
| #define HAVE_TERMIOS_H 1
| #define HAVE_LINUX_SPI_SPIDEV_H 1
| #define HAVE_LINUX_I2C_DEV_H 1
| #define HAVE_MEMMOVE 1
| #define _XOPEN_SOURCE 600
| #define HAVE_MEMSET 1
| #define _XOPEN_SOURCE 600
| #define HAVE_SELECT 1
| #define _XOPEN_SOURCE 600
| #define HAVE_STRDUP 1
| #define _XOPEN_SOURCE 600
| #define HAVE_STRERROR 1
| #define _XOPEN_SOURCE 600
| #define HAVE_STRSTR 1
| #define _XOPEN_SOURCE 600
| #define HAVE_STRTOL 1
| #define _XOPEN_SOURCE 600
| #define HAVE_USLEEP 1
| #define _XOPEN_SOURCE 600
| #define _NETBSD_SOURCE 1
| #define _DARWIN_C_SOURCE 1
| /* end confdefs.h.  */
| #include <stdio.h>
| #ifdef HAVE_SYS_TYPES_H
| # include <sys/types.h>
| #endif
| #ifdef HAVE_SYS_STAT_H
| # include <sys/stat.h>
| #endif
| #ifdef STDC_HEADERS
| # include <stdlib.h>
| # include <stddef.h>
| #else
| # ifdef HAVE_STDLIB_H
| #  include <stdlib.h>
| # endif
| #endif
| #ifdef HAVE_STRING_H
| # if !defined STDC_HEADERS && defined HAVE_MEMORY_H
| #  include <memory.h>
| # endif
| # include <string.h>
| #endif
| #ifdef HAVE_STRINGS_H
| # include <strings.h>
| #endif
| #ifdef HAVE_INTTYPES_H
| # include <inttypes.h>
| #endif
| #ifdef HAVE_STDINT_H
| # include <stdint.h>
| #endif
| #ifdef HAVE_UNISTD_H
| # include <unistd.h>
| #endif
| 	        enum { N = 16 / 2 - 1 };
| int
| main ()
| {
| static int test_array [1 - 2 * !((int16_t) (((((int16_t) 1 << N) << N) - 1) * 2 + 1)
| 		 < (int16_t) (((((int16_t) 1 << N) << N) - 1) * 2 + 2))];
| test_array [0] = 0
| 
|   ;
|   return 0;
| }
configure:12959: result: yes
configure:12970: checking for int32_t
configure:12970: gcc -c -g -O2  conftest.c >&5
configure:12970: $? = 0
configure:12970: gcc -c -g -O2  conftest.c >&5
conftest.c: In function 'main':
conftest.c:95:53: warning: integer overflow in expression [-Woverflow]
conftest.c:94:12: error: storage size of 'test_array' isn't constant
configure:12970: $? = 1
configure: failed program was:
| /* confdefs.h */
| #define PACKAGE_NAME "libnfc"
| #define PACKAGE_TARNAME "libnfc"
| #define PACKAGE_VERSION "1.7.1"
| #define PACKAGE_STRING "libnfc 1.7.1"
| #define PACKAGE_BUGREPORT "nfc-tools@googlegroups.com"
| #define PACKAGE_URL ""
| #define PACKAGE "libnfc"
| #define VERSION "1.7.1"
| #define STDC_HEADERS 1
| #define HAVE_SYS_TYPES_H 1
| #define HAVE_SYS_STAT_H 1
| #define HAVE_STDLIB_H 1
| #define HAVE_STRING_H 1
| #define HAVE_MEMORY_H 1
| #define HAVE_STRINGS_H 1
| #define HAVE_INTTYPES_H 1
| #define HAVE_STDINT_H 1
| #define HAVE_UNISTD_H 1
| #define HAVE_DLFCN_H 1
| #define LT_OBJDIR ".libs/"
| #define STDC_HEADERS 1
| #define HAVE__BOOL 1
| #define HAVE_STDBOOL_H 1
| #define HAVE_FCNTL_H 1
| #define HAVE_LIMITS_H 1
| #define HAVE_STDIO_H 1
| #define HAVE_STDLIB_H 1
| #define HAVE_STDINT_H 1
| #define HAVE_STDDEF_H 1
| #define HAVE_STDBOOL_H 1
| #define HAVE_SYS_IOCTL_H 1
| #define HAVE_SYS_PARAM_H 1
| #define HAVE_SYS_TIME_H 1
| #define HAVE_TERMIOS_H 1
| #define HAVE_LINUX_SPI_SPIDEV_H 1
| #define HAVE_LINUX_I2C_DEV_H 1
| #define HAVE_MEMMOVE 1
| #define _XOPEN_SOURCE 600
| #define HAVE_MEMSET 1
| #define _XOPEN_SOURCE 600
| #define HAVE_SELECT 1
| #define _XOPEN_SOURCE 600
| #define HAVE_STRDUP 1
| #define _XOPEN_SOURCE 600
| #define HAVE_STRERROR 1
| #define _XOPEN_SOURCE 600
| #define HAVE_STRSTR 1
| #define _XOPEN_SOURCE 600
| #define HAVE_STRTOL 1
| #define _XOPEN_SOURCE 600
| #define HAVE_USLEEP 1
| #define _XOPEN_SOURCE 600
| #define _NETBSD_SOURCE 1
| #define _DARWIN_C_SOURCE 1
| /* end confdefs.h.  */
| #include <stdio.h>
| #ifdef HAVE_SYS_TYPES_H
| # include <sys/types.h>
| #endif
| #ifdef HAVE_SYS_STAT_H
| # include <sys/stat.h>
| #endif
| #ifdef STDC_HEADERS
| # include <stdlib.h>
| # include <stddef.h>
| #else
| # ifdef HAVE_STDLIB_H
| #  include <stdlib.h>
| # endif
| #endif
| #ifdef HAVE_STRING_H
| # if !defined STDC_HEADERS && defined HAVE_MEMORY_H
| #  include <memory.h>
| # endif
| # include <string.h>
| #endif
| #ifdef HAVE_STRINGS_H
| # include <strings.h>
| #endif
| #ifdef HAVE_INTTYPES_H
| # include <inttypes.h>
| #endif
| #ifdef HAVE_STDINT_H
| # include <stdint.h>
| #endif
| #ifdef HAVE_UNISTD_H
| # include <unistd.h>
| #endif
| 	        enum { N = 32 / 2 - 1 };
| int
| main ()
| {
| static int test_array [1 - 2 * !((int32_t) (((((int32_t) 1 << N) << N) - 1) * 2 + 1)
| 		 < (int32_t) (((((int32_t) 1 << N) << N) - 1) * 2 + 2))];
| test_array [0] = 0
| 
|   ;
|   return 0;
| }
configure:12970: result: yes
configure:12981: checking for off_t
configure:12981: gcc -c -g -O2  conftest.c >&5
configure:12981: $? = 0
configure:12981: gcc -c -g -O2  conftest.c >&5
conftest.c: In function 'main':
conftest.c:93:20: error: expected expression before ')' token
configure:12981: $? = 1
configure: failed program was:
| /* confdefs.h */
| #define PACKAGE_NAME "libnfc"
| #define PACKAGE_TARNAME "libnfc"
| #define PACKAGE_VERSION "1.7.1"
| #define PACKAGE_STRING "libnfc 1.7.1"
| #define PACKAGE_BUGREPORT "nfc-tools@googlegroups.com"
| #define PACKAGE_URL ""
| #define PACKAGE "libnfc"
| #define VERSION "1.7.1"
| #define STDC_HEADERS 1
| #define HAVE_SYS_TYPES_H 1
| #define HAVE_SYS_STAT_H 1
| #define HAVE_STDLIB_H 1
| #define HAVE_STRING_H 1
| #define HAVE_MEMORY_H 1
| #define HAVE_STRINGS_H 1
| #define HAVE_INTTYPES_H 1
| #define HAVE_STDINT_H 1
| #define HAVE_UNISTD_H 1
| #define HAVE_DLFCN_H 1
| #define LT_OBJDIR ".libs/"
| #define STDC_HEADERS 1
| #define HAVE__BOOL 1
| #define HAVE_STDBOOL_H 1
| #define HAVE_FCNTL_H 1
| #define HAVE_LIMITS_H 1
| #define HAVE_STDIO_H 1
| #define HAVE_STDLIB_H 1
| #define HAVE_STDINT_H 1
| #define HAVE_STDDEF_H 1
| #define HAVE_STDBOOL_H 1
| #define HAVE_SYS_IOCTL_H 1
| #define HAVE_SYS_PARAM_H 1
| #define HAVE_SYS_TIME_H 1
| #define HAVE_TERMIOS_H 1
| #define HAVE_LINUX_SPI_SPIDEV_H 1
| #define HAVE_LINUX_I2C_DEV_H 1
| #define HAVE_MEMMOVE 1
| #define _XOPEN_SOURCE 600
| #define HAVE_MEMSET 1
| #define _XOPEN_SOURCE 600
| #define HAVE_SELECT 1
| #define _XOPEN_SOURCE 600
| #define HAVE_STRDUP 1
| #define _XOPEN_SOURCE 600
| #define HAVE_STRERROR 1
| #define _XOPEN_SOURCE 600
| #define HAVE_STRSTR 1
| #define _XOPEN_SOURCE 600
| #define HAVE_STRTOL 1
| #define _XOPEN_SOURCE 600
| #define HAVE_USLEEP 1
| #define _XOPEN_SOURCE 600
| #define _NETBSD_SOURCE 1
| #define _DARWIN_C_SOURCE 1
| /* end confdefs.h.  */
| #include <stdio.h>
| #ifdef HAVE_SYS_TYPES_H
| # include <sys/types.h>
| #endif
| #ifdef HAVE_SYS_STAT_H
| # include <sys/stat.h>
| #endif
| #ifdef STDC_HEADERS
| # include <stdlib.h>
| # include <stddef.h>
| #else
| # ifdef HAVE_STDLIB_H
| #  include <stdlib.h>
| # endif
| #endif
| #ifdef HAVE_STRING_H
| # if !defined STDC_HEADERS && defined HAVE_MEMORY_H
| #  include <memory.h>
| # endif
| # include <string.h>
| #endif
| #ifdef HAVE_STRINGS_H
| # include <strings.h>
| #endif
| #ifdef HAVE_INTTYPES_H
| # include <inttypes.h>
| #endif
| #ifdef HAVE_STDINT_H
| # include <stdint.h>
| #endif
| #ifdef HAVE_UNISTD_H
| # include <unistd.h>
| #endif
| int
| main ()
| {
| if (sizeof ((off_t)))
| 	    return 0;
|   ;
|   return 0;
| }
configure:12981: result: yes
configure:13004: checking for log flag
configure:13006: result: yes
configure:13032: checking for conffiles flag
configure:13034: result: yes
configure:13060: checking for envvars flag
configure:13062: result: yes
configure:13088: checking for debug flag
configure:13090: result: no
configure:13111: checking which drivers to build
configure:13124: result: pn532_uart
configure:13329: checking for documentation request
configure:13331: result: no
configure:13843: checking for CUTTER
configure:13850: $PKG_CONFIG --exists --print-errors "cutter >= $CUTTER_REQUIRED_VERSION"
Package cutter was not found in the pkg-config search path.
Perhaps you should add the directory containing `cutter.pc'
to the PKG_CONFIG_PATH environment variable
No package 'cutter' found
configure:13853: $? = 1
configure:13867: $PKG_CONFIG --exists --print-errors "cutter >= $CUTTER_REQUIRED_VERSION"
Package cutter was not found in the pkg-config search path.
Perhaps you should add the directory containing `cutter.pc'
to the PKG_CONFIG_PATH environment variable
No package 'cutter' found
configure:13870: $? = 1
configure:13884: result: no
No package 'cutter' found
configure:13967: checking for readline.h
configure:14012: result: not found
configure:14243: creating ./config.status

## ---------------------- ##
## Running config.status. ##
## ---------------------- ##

This file was extended by libnfc config.status 1.7.1, which was
generated by GNU Autoconf 2.68.  Invocation command line was

  CONFIG_FILES    = 
  CONFIG_HEADERS  = 
  CONFIG_LINKS    = 
  CONFIG_COMMANDS = 
  $ ./config.status 

on raspberrypi

config.status:1209: creating Doxyfile
config.status:1209: creating Makefile
config.status:1209: creating cmake/Makefile
config.status:1209: creating cmake/modules/Makefile
config.status:1209: creating contrib/Makefile
config.status:1209: creating contrib/devd/Makefile
config.status:1209: creating contrib/libnfc/Makefile
config.status:1209: creating contrib/linux/Makefile
config.status:1209: creating contrib/udev/Makefile
config.status:1209: creating contrib/win32/Makefile
config.status:1209: creating contrib/win32/sys/Makefile
config.status:1209: creating contrib/win32/libnfc/Makefile
config.status:1209: creating contrib/win32/libnfc/buses/Makefile
config.status:1209: creating examples/Makefile
config.status:1209: creating examples/pn53x-tamashell-scripts/Makefile
config.status:1209: creating include/Makefile
config.status:1209: creating include/nfc/Makefile
config.status:1209: creating libnfc.pc
config.status:1209: creating libnfc/Makefile
config.status:1209: creating libnfc/buses/Makefile
config.status:1209: creating libnfc/chips/Makefile
config.status:1209: creating libnfc/drivers/Makefile
config.status:1209: creating test/Makefile
config.status:1209: creating utils/Makefile
config.status:1209: creating config.h
config.status:1438: executing depfiles commands
config.status:1438: executing libtool commands

## ---------------- ##
## Cache variables. ##
## ---------------- ##

ac_cv_build=armv6l-unknown-linux-gnueabihf
ac_cv_c_compiler_gnu=yes
ac_cv_c_int16_t=yes
ac_cv_c_int32_t=yes
ac_cv_c_uint16_t=yes
ac_cv_c_uint32_t=yes
ac_cv_c_uint64_t=yes
ac_cv_c_uint8_t=yes
ac_cv_env_CC_set=
ac_cv_env_CC_value=
ac_cv_env_CFLAGS_set=
ac_cv_env_CFLAGS_value=
ac_cv_env_CPPFLAGS_set=
ac_cv_env_CPPFLAGS_value=
ac_cv_env_CPP_set=
ac_cv_env_CPP_value=
ac_cv_env_CUTTER_CFLAGS_set=
ac_cv_env_CUTTER_CFLAGS_value=
ac_cv_env_CUTTER_LIBS_set=
ac_cv_env_CUTTER_LIBS_value=
ac_cv_env_LDFLAGS_set=
ac_cv_env_LDFLAGS_value=
ac_cv_env_LIBS_set=
ac_cv_env_LIBS_value=
ac_cv_env_PKG_CONFIG_LIBDIR_set=
ac_cv_env_PKG_CONFIG_LIBDIR_value=
ac_cv_env_PKG_CONFIG_PATH_set=
ac_cv_env_PKG_CONFIG_PATH_value=
ac_cv_env_PKG_CONFIG_set=
ac_cv_env_PKG_CONFIG_value=
ac_cv_env_build_alias_set=
ac_cv_env_build_alias_value=
ac_cv_env_host_alias_set=
ac_cv_env_host_alias_value=
ac_cv_env_libpcsclite_CFLAGS_set=
ac_cv_env_libpcsclite_CFLAGS_value=
ac_cv_env_libpcsclite_LIBS_set=
ac_cv_env_libpcsclite_LIBS_value=
ac_cv_env_libusb_CFLAGS_set=
ac_cv_env_libusb_CFLAGS_value=
ac_cv_env_libusb_LIBS_set=
ac_cv_env_libusb_LIBS_value=
ac_cv_env_target_alias_set=
ac_cv_env_target_alias_value=
ac_cv_func_memmove=yes
ac_cv_func_memset=yes
ac_cv_func_select=yes
ac_cv_func_strdup=yes
ac_cv_func_strerror=yes
ac_cv_func_strstr=yes
ac_cv_func_strtol=yes
ac_cv_func_usleep=yes
ac_cv_header_dlfcn_h=yes
ac_cv_header_fcntl_h=yes
ac_cv_header_inttypes_h=yes
ac_cv_header_limits_h=yes
ac_cv_header_linux_i2c_dev_h=yes
ac_cv_header_linux_spi_spidev_h=yes
ac_cv_header_memory_h=yes
ac_cv_header_stdbool_h=yes
ac_cv_header_stdc=yes
ac_cv_header_stddef_h=yes
ac_cv_header_stdint_h=yes
ac_cv_header_stdio_h=yes
ac_cv_header_stdlib_h=yes
ac_cv_header_string_h=yes
ac_cv_header_strings_h=yes
ac_cv_header_sys_ioctl_h=yes
ac_cv_header_sys_param_h=yes
ac_cv_header_sys_stat_h=yes
ac_cv_header_sys_time_h=yes
ac_cv_header_sys_types_h=yes
ac_cv_header_termios_h=yes
ac_cv_header_unistd_h=yes
ac_cv_host=armv6l-unknown-linux-gnueabihf
ac_cv_objext=o
ac_cv_path_EGREP='/bin/grep -E'
ac_cv_path_FGREP='/bin/grep -F'
ac_cv_path_GREP=/bin/grep
ac_cv_path_SED=/bin/sed
ac_cv_path_ac_pt_PKG_CONFIG=/usr/bin/pkg-config
ac_cv_path_install='/usr/bin/install -c'
ac_cv_path_mkdir=/bin/mkdir
ac_cv_prog_AWK=mawk
ac_cv_prog_CPP='gcc -E'
ac_cv_prog_ac_ct_AR=ar
ac_cv_prog_ac_ct_CC=gcc
ac_cv_prog_ac_ct_MANIFEST_TOOL=mt
ac_cv_prog_ac_ct_OBJDUMP=objdump
ac_cv_prog_ac_ct_RANLIB=ranlib
ac_cv_prog_ac_ct_STRIP=strip
ac_cv_prog_cc_c89=
ac_cv_prog_cc_g=yes
ac_cv_prog_make_make_set=yes
ac_cv_type__Bool=yes
ac_cv_type_off_t=yes
ac_cv_type_size_t=yes
ac_cv_use_cutter=no
am_cv_CC_dependencies_compiler_type=gcc3
am_cv_ar_interface=ar
am_cv_make_support_nested_variables=yes
lt_cv_ar_at_file=@
lt_cv_archive_cmds_need_lc=no
lt_cv_deplibs_check_method=pass_all
lt_cv_file_magic_cmd='$MAGIC_CMD'
lt_cv_file_magic_test_file=
lt_cv_ld_reload_flag=-r
lt_cv_nm_interface='BSD nm'
lt_cv_objdir=.libs
lt_cv_path_LD=/usr/bin/ld
lt_cv_path_NM='/usr/bin/nm -B'
lt_cv_path_mainfest_tool=no
lt_cv_prog_compiler_c_o=yes
lt_cv_prog_compiler_pic='-fPIC -DPIC'
lt_cv_prog_compiler_pic_works=yes
lt_cv_prog_compiler_rtti_exceptions=no
lt_cv_prog_compiler_static_works=yes
lt_cv_prog_gnu_ld=yes
lt_cv_sharedlib_from_linklib_cmd='printf %s\n'
lt_cv_shlibpath_overrides_runpath=no
lt_cv_sys_global_symbol_pipe='sed -n -e '\''s/^.*[	 ]\([ABCDGIRSTW][ABCDGIRSTW]*\)[	 ][	 ]*\([_A-Za-z][_A-Za-z0-9]*\)$/\1 \2 \2/p'\'' | sed '\''/ __gnu_lto/d'\'''
lt_cv_sys_global_symbol_to_c_name_address='sed -n -e '\''s/^: \([^ ]*\)[ ]*$/  {\"\1\", (void *) 0},/p'\'' -e '\''s/^[ABCDGIRSTW]* \([^ ]*\) \([^ ]*\)$/  {"\2", (void *) \&\2},/p'\'''
lt_cv_sys_global_symbol_to_c_name_address_lib_prefix='sed -n -e '\''s/^: \([^ ]*\)[ ]*$/  {\"\1\", (void *) 0},/p'\'' -e '\''s/^[ABCDGIRSTW]* \([^ ]*\) \(lib[^ ]*\)$/  {"\2", (void *) \&\2},/p'\'' -e '\''s/^[ABCDGIRSTW]* \([^ ]*\) \([^ ]*\)$/  {"lib\2", (void *) \&\2},/p'\'''
lt_cv_sys_global_symbol_to_cdecl='sed -n -e '\''s/^T .* \(.*\)$/extern int \1();/p'\'' -e '\''s/^[ABCDGIRSTW]* .* \(.*\)$/extern char \1;/p'\'''
lt_cv_sys_max_cmd_len=1572864
lt_cv_to_host_file_cmd=func_convert_file_noop
lt_cv_to_tool_file_cmd=func_convert_file_noop

## ----------------- ##
## Output variables. ##
## ----------------- ##

ACLOCAL='${SHELL} /home/pi/setup_files/libnfc-1.7.1/missing --run aclocal-1.11'
AMDEPBACKSLASH='\'
AMDEP_FALSE='#'
AMDEP_TRUE=''
AMTAR='$${TAR-tar}'
AM_BACKSLASH='\'
AM_DEFAULT_V='$(AM_DEFAULT_VERBOSITY)'
AM_DEFAULT_VERBOSITY='0'
AM_V='$(V)'
AR='ar'
AUTOCONF='${SHELL} /home/pi/setup_files/libnfc-1.7.1/missing --run autoconf'
AUTOHEADER='${SHELL} /home/pi/setup_files/libnfc-1.7.1/missing --run autoheader'
AUTOMAKE='${SHELL} /home/pi/setup_files/libnfc-1.7.1/missing --run automake-1.11'
AWK='mawk'
CC='gcc'
CCDEPMODE='depmode=gcc3'
CFLAGS='-g -O2 -Wall -pedantic -Wextra -std=c99 -Du_int8_t=uint8_t -Du_int16_t=uint16_t'
CPP='gcc -E'
CPPFLAGS=''
CUTTER=''
CUTTER_CFLAGS=''
CUTTER_LIBS=''
CYGPATH_W='echo'
DEFS='-DHAVE_CONFIG_H'
DEPDIR='.deps'
DLLTOOL='false'
DOC_ENABLED_FALSE=''
DOC_ENABLED_TRUE='#'
DOXYGEN=''
DRIVERS_CFLAGS=' -DDRIVER_PN532_UART_ENABLED'
DRIVER_ACR122S_ENABLED_FALSE=''
DRIVER_ACR122S_ENABLED_TRUE='#'
DRIVER_ACR122_PCSC_ENABLED_FALSE=''
DRIVER_ACR122_PCSC_ENABLED_TRUE='#'
DRIVER_ACR122_USB_ENABLED_FALSE=''
DRIVER_ACR122_USB_ENABLED_TRUE='#'
DRIVER_ARYGON_ENABLED_FALSE=''
DRIVER_ARYGON_ENABLED_TRUE='#'
DRIVER_PN532_I2C_ENABLED_FALSE=''
DRIVER_PN532_I2C_ENABLED_TRUE='#'
DRIVER_PN532_SPI_ENABLED_FALSE=''
DRIVER_PN532_SPI_ENABLED_TRUE='#'
DRIVER_PN532_UART_ENABLED_FALSE='#'
DRIVER_PN532_UART_ENABLED_TRUE=''
DRIVER_PN53X_USB_ENABLED_FALSE=''
DRIVER_PN53X_USB_ENABLED_TRUE='#'
DSYMUTIL=''
DUMPBIN=''
ECHO_C=''
ECHO_N='-n'
ECHO_T=''
EGREP='/bin/grep -E'
EXEEXT=''
FGREP='/bin/grep -F'
GREP='/bin/grep'
I2C_ENABLED_FALSE=''
I2C_ENABLED_TRUE='#'
INSTALL_DATA='${INSTALL} -m 644'
INSTALL_PROGRAM='${INSTALL}'
INSTALL_SCRIPT='${INSTALL}'
INSTALL_STRIP_PROGRAM='$(install_sh) -c -s'
LD='/usr/bin/ld'
LDFLAGS=''
LIBNFC_CFLAGS='-I$(top_srcdir)/libnfc -I$(top_builddir)/include -I$(top_srcdir)/include'
LIBOBJS=''
LIBS=''
LIBTOOL='$(SHELL) $(top_builddir)/libtool'
LIBUSB_ENABLED_FALSE=''
LIBUSB_ENABLED_TRUE='#'
LIPO=''
LN_S='ln -s'
LTLIBOBJS=''
MAKEINFO='${SHELL} /home/pi/setup_files/libnfc-1.7.1/missing --run makeinfo'
MANIFEST_TOOL=':'
MKDIR_P='/bin/mkdir -p'
NM='/usr/bin/nm -B'
NMEDIT=''
OBJDUMP='objdump'
OBJEXT='o'
OTOOL64=''
OTOOL=''
PACKAGE='libnfc'
PACKAGE_BUGREPORT='nfc-tools@googlegroups.com'
PACKAGE_NAME='libnfc'
PACKAGE_STRING='libnfc 1.7.1'
PACKAGE_TARNAME='libnfc'
PACKAGE_URL=''
PACKAGE_VERSION='1.7.1'
PATH_SEPARATOR=':'
PCSC_ENABLED_FALSE=''
PCSC_ENABLED_TRUE='#'
PKG_CONFIG='/usr/bin/pkg-config'
PKG_CONFIG_LIBDIR=''
PKG_CONFIG_PATH=''
PKG_CONFIG_REQUIRES=''
POSIX_ONLY_EXAMPLES_ENABLED_FALSE='#'
POSIX_ONLY_EXAMPLES_ENABLED_TRUE=''
RANLIB='ranlib'
READLINE_INCLUDES=''
READLINE_LIBS=''
SED='/bin/sed'
SET_MAKE=''
SHELL='/bin/bash'
SPI_ENABLED_FALSE=''
SPI_ENABLED_TRUE='#'
STRIP='strip'
UART_ENABLED_FALSE='#'
UART_ENABLED_TRUE=''
VERSION='1.7.1'
WITH_CONFFILES_FALSE='#'
WITH_CONFFILES_TRUE=''
WITH_CUTTER_FALSE=''
WITH_CUTTER_TRUE='#'
WITH_DEBUG_FALSE=''
WITH_DEBUG_TRUE='#'
WITH_ENVVARS_FALSE='#'
WITH_ENVVARS_TRUE=''
WITH_LOG_FALSE='#'
WITH_LOG_TRUE=''
ac_ct_AR='ar'
ac_ct_CC='gcc'
ac_ct_DUMPBIN=''
am__EXEEXT_FALSE=''
am__EXEEXT_TRUE='#'
am__fastdepCC_FALSE='#'
am__fastdepCC_TRUE=''
am__include='include'
am__isrc=''
am__leading_dot='.'
am__nodep='_no'
am__quote=''
am__tar='$${TAR-tar} chof - "$$tardir"'
am__untar='$${TAR-tar} xf -'
bindir='${exec_prefix}/bin'
build='armv6l-unknown-linux-gnueabihf'
build_alias=''
build_cpu='armv6l'
build_os='linux-gnueabihf'
build_vendor='unknown'
datadir='${datarootdir}'
datarootdir='${prefix}/share'
docdir='${datarootdir}/doc/${PACKAGE_TARNAME}'
dvidir='${docdir}'
exec_prefix='${prefix}'
host='armv6l-unknown-linux-gnueabihf'
host_alias=''
host_cpu='armv6l'
host_os='linux-gnueabihf'
host_vendor='unknown'
htmldir='${docdir}'
includedir='${prefix}/include'
infodir='${datarootdir}/info'
install_sh='${SHELL} /home/pi/setup_files/libnfc-1.7.1/install-sh'
libdir='${exec_prefix}/lib'
libexecdir='${exec_prefix}/libexec'
libpcsclite_CFLAGS=''
libpcsclite_LIBS=''
libusb_CFLAGS=''
libusb_CONFIG=''
libusb_LIBS=''
localedir='${datarootdir}/locale'
localstatedir='${prefix}/var'
mandir='${datarootdir}/man'
mkdir_p='/bin/mkdir -p'
oldincludedir='/usr/include'
pdfdir='${docdir}'
prefix='/usr'
program_transform_name='s,x,x,'
psdir='${docdir}'
sbindir='${exec_prefix}/sbin'
sharedstatedir='${prefix}/com'
sysconfdir='/etc'
target_alias=''

## ----------- ##
## confdefs.h. ##
## ----------- ##

/* confdefs.h */
#define PACKAGE_NAME "libnfc"
#define PACKAGE_TARNAME "libnfc"
#define PACKAGE_VERSION "1.7.1"
#define PACKAGE_STRING "libnfc 1.7.1"
#define PACKAGE_BUGREPORT "nfc-tools@googlegroups.com"
#define PACKAGE_URL ""
#define PACKAGE "libnfc"
#define VERSION "1.7.1"
#define STDC_HEADERS 1
#define HAVE_SYS_TYPES_H 1
#define HAVE_SYS_STAT_H 1
#define HAVE_STDLIB_H 1
#define HAVE_STRING_H 1
#define HAVE_MEMORY_H 1
#define HAVE_STRINGS_H 1
#define HAVE_INTTYPES_H 1
#define HAVE_STDINT_H 1
#define HAVE_UNISTD_H 1
#define HAVE_DLFCN_H 1
#define LT_OBJDIR ".libs/"
#define STDC_HEADERS 1
#define HAVE__BOOL 1
#define HAVE_STDBOOL_H 1
#define HAVE_FCNTL_H 1
#define HAVE_LIMITS_H 1
#define HAVE_STDIO_H 1
#define HAVE_STDLIB_H 1
#define HAVE_STDINT_H 1
#define HAVE_STDDEF_H 1
#define HAVE_STDBOOL_H 1
#define HAVE_SYS_IOCTL_H 1
#define HAVE_SYS_PARAM_H 1
#define HAVE_SYS_TIME_H 1
#define HAVE_TERMIOS_H 1
#define HAVE_LINUX_SPI_SPIDEV_H 1
#define HAVE_LINUX_I2C_DEV_H 1
#define HAVE_MEMMOVE 1
#define _XOPEN_SOURCE 600
#define HAVE_MEMSET 1
#define _XOPEN_SOURCE 600
#define HAVE_SELECT 1
#define _XOPEN_SOURCE 600
#define HAVE_STRDUP 1
#define _XOPEN_SOURCE 600
#define HAVE_STRERROR 1
#define _XOPEN_SOURCE 600
#define HAVE_STRSTR 1
#define _XOPEN_SOURCE 600
#define HAVE_STRTOL 1
#define _XOPEN_SOURCE 600
#define HAVE_USLEEP 1
#define _XOPEN_SOURCE 600
#define _NETBSD_SOURCE 1
#define _DARWIN_C_SOURCE 1
#define LOG 1
#define CONFFILES 1
#define ENVVARS 1

configure: exit 0

## ---------------------- ##
## Running config.status. ##
## ---------------------- ##

This file was extended by libnfc config.status 1.7.1, which was
generated by GNU Autoconf 2.68.  Invocation command line was

  CONFIG_FILES    = 
  CONFIG_HEADERS  = 
  CONFIG_LINKS    = 
  CONFIG_COMMANDS = 
  $ ./config.status libnfc.pc

on raspberrypi

config.status:1209: creating libnfc.pc
